08-Jul-2022 23:59:59 INFO - HV000001: Hibernate Validator 6.2.3.Final
09-Jul-2022 00:00:03 INFO - Bootstrapping Spring Data JPA repositories in DEFAULT mode.
09-Jul-2022 00:00:04 INFO - Finished Spring Data repository scanning in 264 ms. Found 5 JPA repository interfaces.
09-Jul-2022 00:00:05 INFO - Tomcat initialized with port(s): 9090 (http)
09-Jul-2022 00:00:05 INFO - Initializing ProtocolHandler ["http-nio-9090"]
09-Jul-2022 00:00:05 INFO - Starting service [Tomcat]
09-Jul-2022 00:00:05 INFO - Starting Servlet engine: [Apache Tomcat/9.0.64]
09-Jul-2022 00:00:06 INFO - Initializing Spring embedded WebApplicationContext
09-Jul-2022 00:00:06 INFO - Root WebApplicationContext: initialization completed in 6448 ms
09-Jul-2022 00:00:06 INFO - HHH000204: Processing PersistenceUnitInfo [name: default]
09-Jul-2022 00:00:07 INFO - HHH000412: Hibernate ORM core version 5.6.9.Final
09-Jul-2022 00:00:07 INFO - HCANN000001: Hibernate Commons Annotations {5.1.2.Final}
09-Jul-2022 00:00:08 INFO - HHH000400: Using dialect: org.hibernate.dialect.PostgreSQL10Dialect
09-Jul-2022 00:00:10 INFO - HHH000490: Using JtaPlatform implementation: [org.hibernate.engine.transaction.jta.platform.internal.NoJtaPlatform]
09-Jul-2022 00:00:10 INFO - Initialized JPA EntityManagerFactory for persistence unit 'default'
09-Jul-2022 00:00:12 WARN - spring.jpa.open-in-view is enabled by default. Therefore, database queries may be performed during view rendering. Explicitly configure spring.jpa.open-in-view to disable this warning
09-Jul-2022 00:00:12 INFO - Starting ProtocolHandler ["http-nio-9090"]
09-Jul-2022 00:00:12 INFO - Tomcat started on port(s): 9090 (http) with context path ''
09-Jul-2022 00:01:43 INFO - Application shutdown requested.
09-Jul-2022 00:01:44 INFO - Closing JPA EntityManagerFactory for persistence unit 'default'
09-Jul-2022 00:01:59 INFO - HV000001: Hibernate Validator 6.2.3.Final
09-Jul-2022 00:02:01 INFO - Bootstrapping Spring Data JPA repositories in DEFAULT mode.
09-Jul-2022 00:02:01 INFO - Finished Spring Data repository scanning in 137 ms. Found 5 JPA repository interfaces.
09-Jul-2022 00:02:02 INFO - Tomcat initialized with port(s): 9090 (http)
09-Jul-2022 00:02:02 INFO - Initializing ProtocolHandler ["http-nio-9090"]
09-Jul-2022 00:02:02 INFO - Starting service [Tomcat]
09-Jul-2022 00:02:02 INFO - Starting Servlet engine: [Apache Tomcat/9.0.64]
09-Jul-2022 00:02:02 INFO - Initializing Spring embedded WebApplicationContext
09-Jul-2022 00:02:02 INFO - Root WebApplicationContext: initialization completed in 2997 ms
09-Jul-2022 00:02:02 INFO - HHH000204: Processing PersistenceUnitInfo [name: default]
09-Jul-2022 00:02:03 INFO - HHH000412: Hibernate ORM core version 5.6.9.Final
09-Jul-2022 00:02:03 INFO - HCANN000001: Hibernate Commons Annotations {5.1.2.Final}
09-Jul-2022 00:02:04 INFO - HHH000400: Using dialect: org.hibernate.dialect.PostgreSQL10Dialect
09-Jul-2022 00:02:05 INFO - HHH000490: Using JtaPlatform implementation: [org.hibernate.engine.transaction.jta.platform.internal.NoJtaPlatform]
09-Jul-2022 00:02:05 INFO - Initialized JPA EntityManagerFactory for persistence unit 'default'
09-Jul-2022 00:02:06 WARN - spring.jpa.open-in-view is enabled by default. Therefore, database queries may be performed during view rendering. Explicitly configure spring.jpa.open-in-view to disable this warning
09-Jul-2022 00:02:07 INFO - Starting ProtocolHandler ["http-nio-9090"]
09-Jul-2022 00:02:07 INFO - Tomcat started on port(s): 9090 (http) with context path ''
09-Jul-2022 00:28:51 INFO - Application shutdown requested.
09-Jul-2022 00:28:53 INFO - Closing JPA EntityManagerFactory for persistence unit 'default'
09-Jul-2022 09:41:57 INFO - HV000001: Hibernate Validator 6.2.3.Final
09-Jul-2022 09:42:02 INFO - Bootstrapping Spring Data JPA repositories in DEFAULT mode.
09-Jul-2022 09:42:02 INFO - Finished Spring Data repository scanning in 508 ms. Found 5 JPA repository interfaces.
09-Jul-2022 09:42:05 INFO - Tomcat initialized with port(s): 9090 (http)
09-Jul-2022 09:42:05 INFO - Initializing ProtocolHandler ["http-nio-9090"]
09-Jul-2022 09:42:05 INFO - Starting service [Tomcat]
09-Jul-2022 09:42:05 INFO - Starting Servlet engine: [Apache Tomcat/9.0.64]
09-Jul-2022 09:42:07 INFO - Initializing Spring embedded WebApplicationContext
09-Jul-2022 09:42:07 INFO - Root WebApplicationContext: initialization completed in 10201 ms
09-Jul-2022 09:42:08 INFO - HHH000204: Processing PersistenceUnitInfo [name: default]
09-Jul-2022 09:42:08 INFO - HHH000412: Hibernate ORM core version 5.6.9.Final
09-Jul-2022 09:42:11 INFO - HCANN000001: Hibernate Commons Annotations {5.1.2.Final}
09-Jul-2022 09:42:15 INFO - HHH000400: Using dialect: org.hibernate.dialect.PostgreSQL10Dialect
09-Jul-2022 09:42:19 INFO - HHH000490: Using JtaPlatform implementation: [org.hibernate.engine.transaction.jta.platform.internal.NoJtaPlatform]
09-Jul-2022 09:42:19 INFO - Initialized JPA EntityManagerFactory for persistence unit 'default'
09-Jul-2022 09:42:22 WARN - spring.jpa.open-in-view is enabled by default. Therefore, database queries may be performed during view rendering. Explicitly configure spring.jpa.open-in-view to disable this warning
09-Jul-2022 09:42:23 INFO - Starting ProtocolHandler ["http-nio-9090"]
09-Jul-2022 09:42:23 INFO - Tomcat started on port(s): 9090 (http) with context path ''
09-Jul-2022 09:45:38 INFO - Application shutdown requested.
09-Jul-2022 09:45:39 INFO - Application shutdown requested.
09-Jul-2022 09:45:44 INFO - Closing JPA EntityManagerFactory for persistence unit 'default'
09-Jul-2022 09:50:09 INFO - HV000001: Hibernate Validator 6.2.3.Final
09-Jul-2022 09:50:12 INFO - Bootstrapping Spring Data JPA repositories in DEFAULT mode.
09-Jul-2022 09:50:13 INFO - Finished Spring Data repository scanning in 192 ms. Found 5 JPA repository interfaces.
09-Jul-2022 09:50:14 INFO - Tomcat initialized with port(s): 9090 (http)
09-Jul-2022 09:50:14 INFO - Initializing ProtocolHandler ["http-nio-9090"]
09-Jul-2022 09:50:14 INFO - Starting service [Tomcat]
09-Jul-2022 09:50:14 INFO - Starting Servlet engine: [Apache Tomcat/9.0.64]
09-Jul-2022 09:50:14 INFO - Initializing Spring embedded WebApplicationContext
09-Jul-2022 09:50:14 INFO - Root WebApplicationContext: initialization completed in 4440 ms
09-Jul-2022 09:50:15 INFO - HHH000204: Processing PersistenceUnitInfo [name: default]
09-Jul-2022 09:50:15 INFO - HHH000412: Hibernate ORM core version 5.6.9.Final
09-Jul-2022 09:50:15 INFO - HCANN000001: Hibernate Commons Annotations {5.1.2.Final}
09-Jul-2022 09:50:16 INFO - HHH000400: Using dialect: org.hibernate.dialect.PostgreSQL10Dialect
09-Jul-2022 09:50:19 INFO - HHH000490: Using JtaPlatform implementation: [org.hibernate.engine.transaction.jta.platform.internal.NoJtaPlatform]
09-Jul-2022 09:50:19 INFO - Initialized JPA EntityManagerFactory for persistence unit 'default'
09-Jul-2022 09:50:22 WARN - spring.jpa.open-in-view is enabled by default. Therefore, database queries may be performed during view rendering. Explicitly configure spring.jpa.open-in-view to disable this warning
09-Jul-2022 09:50:25 INFO - Starting ProtocolHandler ["http-nio-9090"]
09-Jul-2022 09:50:25 INFO - Tomcat started on port(s): 9090 (http) with context path ''
09-Jul-2022 09:52:20 INFO - Application shutdown requested.
09-Jul-2022 09:52:24 INFO - Closing JPA EntityManagerFactory for persistence unit 'default'
09-Jul-2022 15:52:13 INFO - Neither @ContextConfiguration nor @ContextHierarchy found for test class [com.mts.UniversityCourseAdmissionApplicationTests], using SpringBootContextLoader
09-Jul-2022 15:52:13 INFO - Could not detect default resource locations for test class [com.mts.UniversityCourseAdmissionApplicationTests]: no resource found for suffixes {-context.xml, Context.groovy}.
09-Jul-2022 15:52:13 INFO - Could not detect default configuration classes for test class [com.mts.UniversityCourseAdmissionApplicationTests]: UniversityCourseAdmissionApplicationTests does not declare any static, non-private, non-final, nested classes annotated with @Configuration.
09-Jul-2022 15:52:13 INFO - Found @SpringBootConfiguration com.mts.UniversityCourseAdmissionApplication for test class com.mts.UniversityCourseAdmissionApplicationTests
09-Jul-2022 15:52:14 INFO - Loaded default TestExecutionListener class names from location [META-INF/spring.factories]: [org.springframework.boot.test.mock.mockito.MockitoTestExecutionListener, org.springframework.boot.test.mock.mockito.ResetMocksTestExecutionListener, org.springframework.boot.test.autoconfigure.restdocs.RestDocsTestExecutionListener, org.springframework.boot.test.autoconfigure.web.client.MockRestServiceServerResetTestExecutionListener, org.springframework.boot.test.autoconfigure.web.servlet.MockMvcPrintOnlyOnFailureTestExecutionListener, org.springframework.boot.test.autoconfigure.web.servlet.WebDriverTestExecutionListener, org.springframework.boot.test.autoconfigure.webservices.client.MockWebServiceServerTestExecutionListener, org.springframework.test.context.web.ServletTestExecutionListener, org.springframework.test.context.support.DirtiesContextBeforeModesTestExecutionListener, org.springframework.test.context.event.ApplicationEventsTestExecutionListener, org.springframework.test.context.support.DependencyInjectionTestExecutionListener, org.springframework.test.context.support.DirtiesContextTestExecutionListener, org.springframework.test.context.transaction.TransactionalTestExecutionListener, org.springframework.test.context.jdbc.SqlScriptsTestExecutionListener, org.springframework.test.context.event.EventPublishingTestExecutionListener]
09-Jul-2022 15:52:14 INFO - Using TestExecutionListeners: [org.springframework.test.context.web.ServletTestExecutionListener@aa21042, org.springframework.test.context.support.DirtiesContextBeforeModesTestExecutionListener@e93f3d5, org.springframework.test.context.event.ApplicationEventsTestExecutionListener@4cee7fa0, org.springframework.boot.test.mock.mockito.MockitoTestExecutionListener@7a26928a, org.springframework.boot.test.autoconfigure.SpringBootDependencyInjectionTestExecutionListener@601cbd8c, org.springframework.test.context.support.DirtiesContextTestExecutionListener@7180e701, org.springframework.test.context.transaction.TransactionalTestExecutionListener@4e2c95ee, org.springframework.test.context.jdbc.SqlScriptsTestExecutionListener@d0ec63, org.springframework.test.context.event.EventPublishingTestExecutionListener@5a5c128, org.springframework.boot.test.mock.mockito.ResetMocksTestExecutionListener@73eb8672, org.springframework.boot.test.autoconfigure.restdocs.RestDocsTestExecutionListener@5942ee04, org.springframework.boot.test.autoconfigure.web.client.MockRestServiceServerResetTestExecutionListener@5e76a2bb, org.springframework.boot.test.autoconfigure.web.servlet.MockMvcPrintOnlyOnFailureTestExecutionListener@757194dc, org.springframework.boot.test.autoconfigure.web.servlet.WebDriverTestExecutionListener@5a865416, org.springframework.boot.test.autoconfigure.webservices.client.MockWebServiceServerTestExecutionListener@14faa38c]
09-Jul-2022 15:52:14 INFO - HV000001: Hibernate Validator 6.2.3.Final
09-Jul-2022 15:52:17 INFO - Bootstrapping Spring Data JPA repositories in DEFAULT mode.
09-Jul-2022 15:52:17 INFO - Finished Spring Data repository scanning in 156 ms. Found 5 JPA repository interfaces.
09-Jul-2022 15:52:19 INFO - HHH000204: Processing PersistenceUnitInfo [name: default]
09-Jul-2022 15:52:20 INFO - HHH000412: Hibernate ORM core version 5.6.9.Final
09-Jul-2022 15:52:20 INFO - HCANN000001: Hibernate Commons Annotations {5.1.2.Final}
09-Jul-2022 15:52:22 INFO - HHH000400: Using dialect: org.hibernate.dialect.PostgreSQL10Dialect
09-Jul-2022 15:52:24 INFO - HHH000490: Using JtaPlatform implementation: [org.hibernate.engine.transaction.jta.platform.internal.NoJtaPlatform]
09-Jul-2022 15:52:24 INFO - Initialized JPA EntityManagerFactory for persistence unit 'default'
09-Jul-2022 15:52:27 WARN - spring.jpa.open-in-view is enabled by default. Therefore, database queries may be performed during view rendering. Explicitly configure spring.jpa.open-in-view to disable this warning
09-Jul-2022 15:52:34 INFO - Neither @ContextConfiguration nor @ContextHierarchy found for test class [com.mts.serviceTest.ApplicantServiceTest], using SpringBootContextLoader
09-Jul-2022 15:52:34 INFO - Could not detect default resource locations for test class [com.mts.serviceTest.ApplicantServiceTest]: no resource found for suffixes {-context.xml, Context.groovy}.
09-Jul-2022 15:52:34 INFO - Could not detect default configuration classes for test class [com.mts.serviceTest.ApplicantServiceTest]: ApplicantServiceTest does not declare any static, non-private, non-final, nested classes annotated with @Configuration.
09-Jul-2022 15:52:34 INFO - Found @SpringBootConfiguration com.mts.UniversityCourseAdmissionApplication for test class com.mts.serviceTest.ApplicantServiceTest
09-Jul-2022 15:52:34 INFO - Loaded default TestExecutionListener class names from location [META-INF/spring.factories]: [org.springframework.boot.test.mock.mockito.MockitoTestExecutionListener, org.springframework.boot.test.mock.mockito.ResetMocksTestExecutionListener, org.springframework.boot.test.autoconfigure.restdocs.RestDocsTestExecutionListener, org.springframework.boot.test.autoconfigure.web.client.MockRestServiceServerResetTestExecutionListener, org.springframework.boot.test.autoconfigure.web.servlet.MockMvcPrintOnlyOnFailureTestExecutionListener, org.springframework.boot.test.autoconfigure.web.servlet.WebDriverTestExecutionListener, org.springframework.boot.test.autoconfigure.webservices.client.MockWebServiceServerTestExecutionListener, org.springframework.test.context.web.ServletTestExecutionListener, org.springframework.test.context.support.DirtiesContextBeforeModesTestExecutionListener, org.springframework.test.context.event.ApplicationEventsTestExecutionListener, org.springframework.test.context.support.DependencyInjectionTestExecutionListener, org.springframework.test.context.support.DirtiesContextTestExecutionListener, org.springframework.test.context.transaction.TransactionalTestExecutionListener, org.springframework.test.context.jdbc.SqlScriptsTestExecutionListener, org.springframework.test.context.event.EventPublishingTestExecutionListener]
09-Jul-2022 15:52:34 INFO - Using TestExecutionListeners: [org.springframework.test.context.web.ServletTestExecutionListener@36134f3, org.springframework.test.context.support.DirtiesContextBeforeModesTestExecutionListener@52b7a3e1, org.springframework.test.context.event.ApplicationEventsTestExecutionListener@53cdfb09, org.springframework.boot.test.mock.mockito.MockitoTestExecutionListener@207e3ffd, org.springframework.boot.test.autoconfigure.SpringBootDependencyInjectionTestExecutionListener@2a3251ad, org.springframework.test.context.support.DirtiesContextTestExecutionListener@457547a1, org.springframework.test.context.transaction.TransactionalTestExecutionListener@795ce9b5, org.springframework.test.context.jdbc.SqlScriptsTestExecutionListener@280cb0b4, org.springframework.test.context.event.EventPublishingTestExecutionListener@108b2321, org.springframework.boot.test.mock.mockito.ResetMocksTestExecutionListener@7f2c36de, org.springframework.boot.test.autoconfigure.restdocs.RestDocsTestExecutionListener@61a369cf, org.springframework.boot.test.autoconfigure.web.client.MockRestServiceServerResetTestExecutionListener@2ce7ec5f, org.springframework.boot.test.autoconfigure.web.servlet.MockMvcPrintOnlyOnFailureTestExecutionListener@65bc50c9, org.springframework.boot.test.autoconfigure.web.servlet.WebDriverTestExecutionListener@7b381066, org.springframework.boot.test.autoconfigure.webservices.client.MockWebServiceServerTestExecutionListener@12ff3df]
09-Jul-2022 15:52:36 INFO - Bootstrapping Spring Data JPA repositories in DEFAULT mode.
09-Jul-2022 15:52:36 INFO - Finished Spring Data repository scanning in 291 ms. Found 5 JPA repository interfaces.
09-Jul-2022 15:52:41 INFO - HHH000204: Processing PersistenceUnitInfo [name: default]
09-Jul-2022 15:52:44 INFO - HHH000400: Using dialect: org.hibernate.dialect.PostgreSQL10Dialect
09-Jul-2022 15:52:49 INFO - HHH000490: Using JtaPlatform implementation: [org.hibernate.engine.transaction.jta.platform.internal.NoJtaPlatform]
09-Jul-2022 15:52:49 INFO - Initialized JPA EntityManagerFactory for persistence unit 'default'
09-Jul-2022 15:52:57 WARN - spring.jpa.open-in-view is enabled by default. Therefore, database queries may be performed during view rendering. Explicitly configure spring.jpa.open-in-view to disable this warning
09-Jul-2022 15:53:11 INFO - Neither @ContextConfiguration nor @ContextHierarchy found for test class [com.mts.serviceTest.LoginServiceTest], using SpringBootContextLoader
09-Jul-2022 15:53:11 INFO - Could not detect default resource locations for test class [com.mts.serviceTest.LoginServiceTest]: no resource found for suffixes {-context.xml, Context.groovy}.
09-Jul-2022 15:53:11 INFO - Could not detect default configuration classes for test class [com.mts.serviceTest.LoginServiceTest]: LoginServiceTest does not declare any static, non-private, non-final, nested classes annotated with @Configuration.
09-Jul-2022 15:53:11 INFO - Found @SpringBootConfiguration com.mts.UniversityCourseAdmissionApplication for test class com.mts.serviceTest.LoginServiceTest
09-Jul-2022 15:53:11 INFO - Loaded default TestExecutionListener class names from location [META-INF/spring.factories]: [org.springframework.boot.test.mock.mockito.MockitoTestExecutionListener, org.springframework.boot.test.mock.mockito.ResetMocksTestExecutionListener, org.springframework.boot.test.autoconfigure.restdocs.RestDocsTestExecutionListener, org.springframework.boot.test.autoconfigure.web.client.MockRestServiceServerResetTestExecutionListener, org.springframework.boot.test.autoconfigure.web.servlet.MockMvcPrintOnlyOnFailureTestExecutionListener, org.springframework.boot.test.autoconfigure.web.servlet.WebDriverTestExecutionListener, org.springframework.boot.test.autoconfigure.webservices.client.MockWebServiceServerTestExecutionListener, org.springframework.test.context.web.ServletTestExecutionListener, org.springframework.test.context.support.DirtiesContextBeforeModesTestExecutionListener, org.springframework.test.context.event.ApplicationEventsTestExecutionListener, org.springframework.test.context.support.DependencyInjectionTestExecutionListener, org.springframework.test.context.support.DirtiesContextTestExecutionListener, org.springframework.test.context.transaction.TransactionalTestExecutionListener, org.springframework.test.context.jdbc.SqlScriptsTestExecutionListener, org.springframework.test.context.event.EventPublishingTestExecutionListener]
09-Jul-2022 15:53:11 INFO - Using TestExecutionListeners: [org.springframework.test.context.web.ServletTestExecutionListener@29e40db1, org.springframework.test.context.support.DirtiesContextBeforeModesTestExecutionListener@47e6004c, org.springframework.test.context.event.ApplicationEventsTestExecutionListener@7c5ae5c3, org.springframework.boot.test.mock.mockito.MockitoTestExecutionListener@36b5dbdf, org.springframework.boot.test.autoconfigure.SpringBootDependencyInjectionTestExecutionListener@3f35d13d, org.springframework.test.context.support.DirtiesContextTestExecutionListener@482652f7, org.springframework.test.context.transaction.TransactionalTestExecutionListener@63f9c2cd, org.springframework.test.context.jdbc.SqlScriptsTestExecutionListener@7b0a864e, org.springframework.test.context.event.EventPublishingTestExecutionListener@6a271c2b, org.springframework.boot.test.mock.mockito.ResetMocksTestExecutionListener@106c4a72, org.springframework.boot.test.autoconfigure.restdocs.RestDocsTestExecutionListener@3d2e1d18, org.springframework.boot.test.autoconfigure.web.client.MockRestServiceServerResetTestExecutionListener@12b9d405, org.springframework.boot.test.autoconfigure.web.servlet.MockMvcPrintOnlyOnFailureTestExecutionListener@402d443d, org.springframework.boot.test.autoconfigure.web.servlet.WebDriverTestExecutionListener@32e0b990, org.springframework.boot.test.autoconfigure.webservices.client.MockWebServiceServerTestExecutionListener@7f6ba409]
09-Jul-2022 15:53:15 INFO - Bootstrapping Spring Data JPA repositories in DEFAULT mode.
09-Jul-2022 15:53:15 INFO - Finished Spring Data repository scanning in 173 ms. Found 5 JPA repository interfaces.
09-Jul-2022 15:53:22 INFO - HHH000204: Processing PersistenceUnitInfo [name: default]
09-Jul-2022 15:53:26 INFO - HHH000400: Using dialect: org.hibernate.dialect.PostgreSQL10Dialect
09-Jul-2022 15:53:31 INFO - HHH000490: Using JtaPlatform implementation: [org.hibernate.engine.transaction.jta.platform.internal.NoJtaPlatform]
09-Jul-2022 15:53:32 INFO - Initialized JPA EntityManagerFactory for persistence unit 'default'
09-Jul-2022 15:53:44 WARN - spring.jpa.open-in-view is enabled by default. Therefore, database queries may be performed during view rendering. Explicitly configure spring.jpa.open-in-view to disable this warning
09-Jul-2022 15:53:48 INFO - Closing JPA EntityManagerFactory for persistence unit 'default'
09-Jul-2022 15:53:48 INFO - Closing JPA EntityManagerFactory for persistence unit 'default'
09-Jul-2022 15:53:48 INFO - Closing JPA EntityManagerFactory for persistence unit 'default'
09-Jul-2022 16:00:32 INFO - Neither @ContextConfiguration nor @ContextHierarchy found for test class [com.mts.serviceTest.ApplicantServiceTest], using SpringBootContextLoader
09-Jul-2022 16:00:32 INFO - Could not detect default resource locations for test class [com.mts.serviceTest.ApplicantServiceTest]: no resource found for suffixes {-context.xml, Context.groovy}.
09-Jul-2022 16:00:32 INFO - Could not detect default configuration classes for test class [com.mts.serviceTest.ApplicantServiceTest]: ApplicantServiceTest does not declare any static, non-private, non-final, nested classes annotated with @Configuration.
09-Jul-2022 16:00:32 INFO - Found @SpringBootConfiguration com.mts.UniversityCourseAdmissionApplication for test class com.mts.serviceTest.ApplicantServiceTest
09-Jul-2022 16:00:32 INFO - Loaded default TestExecutionListener class names from location [META-INF/spring.factories]: [org.springframework.boot.test.mock.mockito.MockitoTestExecutionListener, org.springframework.boot.test.mock.mockito.ResetMocksTestExecutionListener, org.springframework.boot.test.autoconfigure.restdocs.RestDocsTestExecutionListener, org.springframework.boot.test.autoconfigure.web.client.MockRestServiceServerResetTestExecutionListener, org.springframework.boot.test.autoconfigure.web.servlet.MockMvcPrintOnlyOnFailureTestExecutionListener, org.springframework.boot.test.autoconfigure.web.servlet.WebDriverTestExecutionListener, org.springframework.boot.test.autoconfigure.webservices.client.MockWebServiceServerTestExecutionListener, org.springframework.test.context.web.ServletTestExecutionListener, org.springframework.test.context.support.DirtiesContextBeforeModesTestExecutionListener, org.springframework.test.context.event.ApplicationEventsTestExecutionListener, org.springframework.test.context.support.DependencyInjectionTestExecutionListener, org.springframework.test.context.support.DirtiesContextTestExecutionListener, org.springframework.test.context.transaction.TransactionalTestExecutionListener, org.springframework.test.context.jdbc.SqlScriptsTestExecutionListener, org.springframework.test.context.event.EventPublishingTestExecutionListener]
09-Jul-2022 16:00:32 INFO - Using TestExecutionListeners: [org.springframework.test.context.web.ServletTestExecutionListener@1a78dacd, org.springframework.test.context.support.DirtiesContextBeforeModesTestExecutionListener@19f9d595, org.springframework.test.context.event.ApplicationEventsTestExecutionListener@7de4a01f, org.springframework.boot.test.mock.mockito.MockitoTestExecutionListener@2bfeb1ef, org.springframework.boot.test.autoconfigure.SpringBootDependencyInjectionTestExecutionListener@778ca8ef, org.springframework.test.context.support.DirtiesContextTestExecutionListener@208e9ef6, org.springframework.test.context.transaction.TransactionalTestExecutionListener@78b236a0, org.springframework.test.context.jdbc.SqlScriptsTestExecutionListener@261d8190, org.springframework.test.context.event.EventPublishingTestExecutionListener@34448e6c, org.springframework.boot.test.mock.mockito.ResetMocksTestExecutionListener@60e9df3c, org.springframework.boot.test.autoconfigure.restdocs.RestDocsTestExecutionListener@907f2b7, org.springframework.boot.test.autoconfigure.web.client.MockRestServiceServerResetTestExecutionListener@435ce306, org.springframework.boot.test.autoconfigure.web.servlet.MockMvcPrintOnlyOnFailureTestExecutionListener@537b32ef, org.springframework.boot.test.autoconfigure.web.servlet.WebDriverTestExecutionListener@7dc51783, org.springframework.boot.test.autoconfigure.webservices.client.MockWebServiceServerTestExecutionListener@4b61d0c6]
09-Jul-2022 16:00:33 INFO - HV000001: Hibernate Validator 6.2.3.Final
09-Jul-2022 16:00:37 INFO - Bootstrapping Spring Data JPA repositories in DEFAULT mode.
09-Jul-2022 16:00:37 INFO - Finished Spring Data repository scanning in 240 ms. Found 5 JPA repository interfaces.
09-Jul-2022 16:00:40 INFO - HHH000204: Processing PersistenceUnitInfo [name: default]
09-Jul-2022 16:00:40 INFO - HHH000412: Hibernate ORM core version 5.6.9.Final
09-Jul-2022 16:00:40 INFO - HCANN000001: Hibernate Commons Annotations {5.1.2.Final}
09-Jul-2022 16:00:42 INFO - HHH000400: Using dialect: org.hibernate.dialect.PostgreSQL10Dialect
09-Jul-2022 16:00:46 INFO - HHH000490: Using JtaPlatform implementation: [org.hibernate.engine.transaction.jta.platform.internal.NoJtaPlatform]
09-Jul-2022 16:00:46 INFO - Initialized JPA EntityManagerFactory for persistence unit 'default'
09-Jul-2022 16:00:51 WARN - spring.jpa.open-in-view is enabled by default. Therefore, database queries may be performed during view rendering. Explicitly configure spring.jpa.open-in-view to disable this warning
09-Jul-2022 16:00:57 INFO - Closing JPA EntityManagerFactory for persistence unit 'default'
09-Jul-2022 16:02:16 INFO - Neither @ContextConfiguration nor @ContextHierarchy found for test class [com.mts.serviceTest.LoginServiceTest], using SpringBootContextLoader
09-Jul-2022 16:02:16 INFO - Could not detect default resource locations for test class [com.mts.serviceTest.LoginServiceTest]: no resource found for suffixes {-context.xml, Context.groovy}.
09-Jul-2022 16:02:16 INFO - Could not detect default configuration classes for test class [com.mts.serviceTest.LoginServiceTest]: LoginServiceTest does not declare any static, non-private, non-final, nested classes annotated with @Configuration.
09-Jul-2022 16:02:16 INFO - Found @SpringBootConfiguration com.mts.UniversityCourseAdmissionApplication for test class com.mts.serviceTest.LoginServiceTest
09-Jul-2022 16:02:16 INFO - Loaded default TestExecutionListener class names from location [META-INF/spring.factories]: [org.springframework.boot.test.mock.mockito.MockitoTestExecutionListener, org.springframework.boot.test.mock.mockito.ResetMocksTestExecutionListener, org.springframework.boot.test.autoconfigure.restdocs.RestDocsTestExecutionListener, org.springframework.boot.test.autoconfigure.web.client.MockRestServiceServerResetTestExecutionListener, org.springframework.boot.test.autoconfigure.web.servlet.MockMvcPrintOnlyOnFailureTestExecutionListener, org.springframework.boot.test.autoconfigure.web.servlet.WebDriverTestExecutionListener, org.springframework.boot.test.autoconfigure.webservices.client.MockWebServiceServerTestExecutionListener, org.springframework.test.context.web.ServletTestExecutionListener, org.springframework.test.context.support.DirtiesContextBeforeModesTestExecutionListener, org.springframework.test.context.event.ApplicationEventsTestExecutionListener, org.springframework.test.context.support.DependencyInjectionTestExecutionListener, org.springframework.test.context.support.DirtiesContextTestExecutionListener, org.springframework.test.context.transaction.TransactionalTestExecutionListener, org.springframework.test.context.jdbc.SqlScriptsTestExecutionListener, org.springframework.test.context.event.EventPublishingTestExecutionListener]
09-Jul-2022 16:02:16 INFO - Using TestExecutionListeners: [org.springframework.test.context.web.ServletTestExecutionListener@36453307, org.springframework.test.context.support.DirtiesContextBeforeModesTestExecutionListener@7dcc91fd, org.springframework.test.context.event.ApplicationEventsTestExecutionListener@66eb985d, org.springframework.boot.test.mock.mockito.MockitoTestExecutionListener@6a9287b1, org.springframework.boot.test.autoconfigure.SpringBootDependencyInjectionTestExecutionListener@75504cef, org.springframework.test.context.support.DirtiesContextTestExecutionListener@6c8a68c1, org.springframework.test.context.transaction.TransactionalTestExecutionListener@56193c7d, org.springframework.test.context.jdbc.SqlScriptsTestExecutionListener@28c88600, org.springframework.test.context.event.EventPublishingTestExecutionListener@5f8890c2, org.springframework.boot.test.mock.mockito.ResetMocksTestExecutionListener@607b2792, org.springframework.boot.test.autoconfigure.restdocs.RestDocsTestExecutionListener@7f9e1534, org.springframework.boot.test.autoconfigure.web.client.MockRestServiceServerResetTestExecutionListener@138a7441, org.springframework.boot.test.autoconfigure.web.servlet.MockMvcPrintOnlyOnFailureTestExecutionListener@81ff872, org.springframework.boot.test.autoconfigure.web.servlet.WebDriverTestExecutionListener@31611954, org.springframework.boot.test.autoconfigure.webservices.client.MockWebServiceServerTestExecutionListener@3e598df9]
09-Jul-2022 16:02:17 INFO - HV000001: Hibernate Validator 6.2.3.Final
09-Jul-2022 16:02:20 INFO - Bootstrapping Spring Data JPA repositories in DEFAULT mode.
09-Jul-2022 16:02:21 INFO - Finished Spring Data repository scanning in 268 ms. Found 5 JPA repository interfaces.
09-Jul-2022 16:02:25 INFO - HHH000204: Processing PersistenceUnitInfo [name: default]
09-Jul-2022 16:02:25 INFO - HHH000412: Hibernate ORM core version 5.6.9.Final
09-Jul-2022 16:02:26 INFO - HCANN000001: Hibernate Commons Annotations {5.1.2.Final}
09-Jul-2022 16:02:27 INFO - HHH000400: Using dialect: org.hibernate.dialect.PostgreSQL10Dialect
09-Jul-2022 16:02:29 INFO - HHH000490: Using JtaPlatform implementation: [org.hibernate.engine.transaction.jta.platform.internal.NoJtaPlatform]
09-Jul-2022 16:02:29 INFO - Initialized JPA EntityManagerFactory for persistence unit 'default'
09-Jul-2022 16:02:33 WARN - spring.jpa.open-in-view is enabled by default. Therefore, database queries may be performed during view rendering. Explicitly configure spring.jpa.open-in-view to disable this warning
09-Jul-2022 16:02:40 INFO - Closing JPA EntityManagerFactory for persistence unit 'default'
09-Jul-2022 16:05:40 INFO - Neither @ContextConfiguration nor @ContextHierarchy found for test class [com.mts.serviceTest.LoginServiceTest], using SpringBootContextLoader
09-Jul-2022 16:05:40 INFO - Could not detect default resource locations for test class [com.mts.serviceTest.LoginServiceTest]: no resource found for suffixes {-context.xml, Context.groovy}.
09-Jul-2022 16:05:40 INFO - Could not detect default configuration classes for test class [com.mts.serviceTest.LoginServiceTest]: LoginServiceTest does not declare any static, non-private, non-final, nested classes annotated with @Configuration.
09-Jul-2022 16:05:40 INFO - Found @SpringBootConfiguration com.mts.UniversityCourseAdmissionApplication for test class com.mts.serviceTest.LoginServiceTest
09-Jul-2022 16:05:40 INFO - Loaded default TestExecutionListener class names from location [META-INF/spring.factories]: [org.springframework.boot.test.mock.mockito.MockitoTestExecutionListener, org.springframework.boot.test.mock.mockito.ResetMocksTestExecutionListener, org.springframework.boot.test.autoconfigure.restdocs.RestDocsTestExecutionListener, org.springframework.boot.test.autoconfigure.web.client.MockRestServiceServerResetTestExecutionListener, org.springframework.boot.test.autoconfigure.web.servlet.MockMvcPrintOnlyOnFailureTestExecutionListener, org.springframework.boot.test.autoconfigure.web.servlet.WebDriverTestExecutionListener, org.springframework.boot.test.autoconfigure.webservices.client.MockWebServiceServerTestExecutionListener, org.springframework.test.context.web.ServletTestExecutionListener, org.springframework.test.context.support.DirtiesContextBeforeModesTestExecutionListener, org.springframework.test.context.event.ApplicationEventsTestExecutionListener, org.springframework.test.context.support.DependencyInjectionTestExecutionListener, org.springframework.test.context.support.DirtiesContextTestExecutionListener, org.springframework.test.context.transaction.TransactionalTestExecutionListener, org.springframework.test.context.jdbc.SqlScriptsTestExecutionListener, org.springframework.test.context.event.EventPublishingTestExecutionListener]
09-Jul-2022 16:05:40 INFO - Using TestExecutionListeners: [org.springframework.test.context.web.ServletTestExecutionListener@6c8a68c1, org.springframework.test.context.support.DirtiesContextBeforeModesTestExecutionListener@56193c7d, org.springframework.test.context.event.ApplicationEventsTestExecutionListener@28c88600, org.springframework.boot.test.mock.mockito.MockitoTestExecutionListener@5f8890c2, org.springframework.boot.test.autoconfigure.SpringBootDependencyInjectionTestExecutionListener@607b2792, org.springframework.test.context.support.DirtiesContextTestExecutionListener@7f9e1534, org.springframework.test.context.transaction.TransactionalTestExecutionListener@138a7441, org.springframework.test.context.jdbc.SqlScriptsTestExecutionListener@81ff872, org.springframework.test.context.event.EventPublishingTestExecutionListener@31611954, org.springframework.boot.test.mock.mockito.ResetMocksTestExecutionListener@3e598df9, org.springframework.boot.test.autoconfigure.restdocs.RestDocsTestExecutionListener@7e31ce0f, org.springframework.boot.test.autoconfigure.web.client.MockRestServiceServerResetTestExecutionListener@99a65d3, org.springframework.boot.test.autoconfigure.web.servlet.MockMvcPrintOnlyOnFailureTestExecutionListener@3088660d, org.springframework.boot.test.autoconfigure.web.servlet.WebDriverTestExecutionListener@42cc13a0, org.springframework.boot.test.autoconfigure.webservices.client.MockWebServiceServerTestExecutionListener@32fdec40]
09-Jul-2022 16:05:41 INFO - HV000001: Hibernate Validator 6.2.3.Final
09-Jul-2022 16:05:44 INFO - Bootstrapping Spring Data JPA repositories in DEFAULT mode.
09-Jul-2022 16:05:44 INFO - Finished Spring Data repository scanning in 330 ms. Found 5 JPA repository interfaces.
09-Jul-2022 16:05:48 INFO - HHH000204: Processing PersistenceUnitInfo [name: default]
09-Jul-2022 16:05:49 INFO - HHH000412: Hibernate ORM core version 5.6.9.Final
09-Jul-2022 16:05:49 INFO - HCANN000001: Hibernate Commons Annotations {5.1.2.Final}
09-Jul-2022 16:05:50 INFO - HHH000400: Using dialect: org.hibernate.dialect.PostgreSQL10Dialect
09-Jul-2022 16:05:52 INFO - HHH000490: Using JtaPlatform implementation: [org.hibernate.engine.transaction.jta.platform.internal.NoJtaPlatform]
09-Jul-2022 16:05:52 INFO - Initialized JPA EntityManagerFactory for persistence unit 'default'
09-Jul-2022 16:05:56 WARN - spring.jpa.open-in-view is enabled by default. Therefore, database queries may be performed during view rendering. Explicitly configure spring.jpa.open-in-view to disable this warning
09-Jul-2022 16:06:06 INFO - Closing JPA EntityManagerFactory for persistence unit 'default'
09-Jul-2022 16:13:28 INFO - Neither @ContextConfiguration nor @ContextHierarchy found for test class [com.mts.serviceTest.ApplicantServiceTest], using SpringBootContextLoader
09-Jul-2022 16:13:28 INFO - Could not detect default resource locations for test class [com.mts.serviceTest.ApplicantServiceTest]: no resource found for suffixes {-context.xml, Context.groovy}.
09-Jul-2022 16:13:28 INFO - Could not detect default configuration classes for test class [com.mts.serviceTest.ApplicantServiceTest]: ApplicantServiceTest does not declare any static, non-private, non-final, nested classes annotated with @Configuration.
09-Jul-2022 16:13:28 INFO - Found @SpringBootConfiguration com.mts.UniversityCourseAdmissionApplication for test class com.mts.serviceTest.ApplicantServiceTest
09-Jul-2022 16:13:29 INFO - Loaded default TestExecutionListener class names from location [META-INF/spring.factories]: [org.springframework.boot.test.mock.mockito.MockitoTestExecutionListener, org.springframework.boot.test.mock.mockito.ResetMocksTestExecutionListener, org.springframework.boot.test.autoconfigure.restdocs.RestDocsTestExecutionListener, org.springframework.boot.test.autoconfigure.web.client.MockRestServiceServerResetTestExecutionListener, org.springframework.boot.test.autoconfigure.web.servlet.MockMvcPrintOnlyOnFailureTestExecutionListener, org.springframework.boot.test.autoconfigure.web.servlet.WebDriverTestExecutionListener, org.springframework.boot.test.autoconfigure.webservices.client.MockWebServiceServerTestExecutionListener, org.springframework.test.context.web.ServletTestExecutionListener, org.springframework.test.context.support.DirtiesContextBeforeModesTestExecutionListener, org.springframework.test.context.event.ApplicationEventsTestExecutionListener, org.springframework.test.context.support.DependencyInjectionTestExecutionListener, org.springframework.test.context.support.DirtiesContextTestExecutionListener, org.springframework.test.context.transaction.TransactionalTestExecutionListener, org.springframework.test.context.jdbc.SqlScriptsTestExecutionListener, org.springframework.test.context.event.EventPublishingTestExecutionListener]
09-Jul-2022 16:13:29 INFO - Using TestExecutionListeners: [org.springframework.test.context.web.ServletTestExecutionListener@6759f091, org.springframework.test.context.support.DirtiesContextBeforeModesTestExecutionListener@33a053d, org.springframework.test.context.event.ApplicationEventsTestExecutionListener@14a54ef6, org.springframework.boot.test.mock.mockito.MockitoTestExecutionListener@20921b9b, org.springframework.boot.test.autoconfigure.SpringBootDependencyInjectionTestExecutionListener@867ba60, org.springframework.test.context.support.DirtiesContextTestExecutionListener@5ba745bc, org.springframework.test.context.transaction.TransactionalTestExecutionListener@654b72c0, org.springframework.test.context.jdbc.SqlScriptsTestExecutionListener@55b5e331, org.springframework.test.context.event.EventPublishingTestExecutionListener@6034e75d, org.springframework.boot.test.mock.mockito.ResetMocksTestExecutionListener@15fc442, org.springframework.boot.test.autoconfigure.restdocs.RestDocsTestExecutionListener@3f3c7bdb, org.springframework.boot.test.autoconfigure.web.client.MockRestServiceServerResetTestExecutionListener@456abb66, org.springframework.boot.test.autoconfigure.web.servlet.MockMvcPrintOnlyOnFailureTestExecutionListener@2a3a299, org.springframework.boot.test.autoconfigure.web.servlet.WebDriverTestExecutionListener@7da10b5b, org.springframework.boot.test.autoconfigure.webservices.client.MockWebServiceServerTestExecutionListener@219f4597]
09-Jul-2022 16:13:30 INFO - HV000001: Hibernate Validator 6.2.3.Final
09-Jul-2022 16:13:34 INFO - Bootstrapping Spring Data JPA repositories in DEFAULT mode.
09-Jul-2022 16:13:35 INFO - Finished Spring Data repository scanning in 217 ms. Found 5 JPA repository interfaces.
09-Jul-2022 16:13:40 INFO - HHH000204: Processing PersistenceUnitInfo [name: default]
09-Jul-2022 16:13:40 INFO - HHH000412: Hibernate ORM core version 5.6.9.Final
09-Jul-2022 16:13:40 INFO - HCANN000001: Hibernate Commons Annotations {5.1.2.Final}
09-Jul-2022 16:13:42 INFO - HHH000400: Using dialect: org.hibernate.dialect.PostgreSQL10Dialect
09-Jul-2022 16:13:47 INFO - HHH000490: Using JtaPlatform implementation: [org.hibernate.engine.transaction.jta.platform.internal.NoJtaPlatform]
09-Jul-2022 16:13:47 INFO - Initialized JPA EntityManagerFactory for persistence unit 'default'
09-Jul-2022 16:13:50 WARN - spring.jpa.open-in-view is enabled by default. Therefore, database queries may be performed during view rendering. Explicitly configure spring.jpa.open-in-view to disable this warning
09-Jul-2022 16:13:58 INFO - Closing JPA EntityManagerFactory for persistence unit 'default'
09-Jul-2022 16:15:16 INFO - Neither @ContextConfiguration nor @ContextHierarchy found for test class [com.mts.serviceTest.ApplicantServiceTest], using SpringBootContextLoader
09-Jul-2022 16:15:16 INFO - Could not detect default resource locations for test class [com.mts.serviceTest.ApplicantServiceTest]: no resource found for suffixes {-context.xml, Context.groovy}.
09-Jul-2022 16:15:16 INFO - Could not detect default configuration classes for test class [com.mts.serviceTest.ApplicantServiceTest]: ApplicantServiceTest does not declare any static, non-private, non-final, nested classes annotated with @Configuration.
09-Jul-2022 16:15:17 INFO - Found @SpringBootConfiguration com.mts.UniversityCourseAdmissionApplication for test class com.mts.serviceTest.ApplicantServiceTest
09-Jul-2022 16:15:17 INFO - Loaded default TestExecutionListener class names from location [META-INF/spring.factories]: [org.springframework.boot.test.mock.mockito.MockitoTestExecutionListener, org.springframework.boot.test.mock.mockito.ResetMocksTestExecutionListener, org.springframework.boot.test.autoconfigure.restdocs.RestDocsTestExecutionListener, org.springframework.boot.test.autoconfigure.web.client.MockRestServiceServerResetTestExecutionListener, org.springframework.boot.test.autoconfigure.web.servlet.MockMvcPrintOnlyOnFailureTestExecutionListener, org.springframework.boot.test.autoconfigure.web.servlet.WebDriverTestExecutionListener, org.springframework.boot.test.autoconfigure.webservices.client.MockWebServiceServerTestExecutionListener, org.springframework.test.context.web.ServletTestExecutionListener, org.springframework.test.context.support.DirtiesContextBeforeModesTestExecutionListener, org.springframework.test.context.event.ApplicationEventsTestExecutionListener, org.springframework.test.context.support.DependencyInjectionTestExecutionListener, org.springframework.test.context.support.DirtiesContextTestExecutionListener, org.springframework.test.context.transaction.TransactionalTestExecutionListener, org.springframework.test.context.jdbc.SqlScriptsTestExecutionListener, org.springframework.test.context.event.EventPublishingTestExecutionListener]
09-Jul-2022 16:15:17 INFO - Using TestExecutionListeners: [org.springframework.test.context.web.ServletTestExecutionListener@5bdaf2ce, org.springframework.test.context.support.DirtiesContextBeforeModesTestExecutionListener@42d236fb, org.springframework.test.context.event.ApplicationEventsTestExecutionListener@1ce93c18, org.springframework.boot.test.mock.mockito.MockitoTestExecutionListener@19f21b6b, org.springframework.boot.test.autoconfigure.SpringBootDependencyInjectionTestExecutionListener@1532c619, org.springframework.test.context.support.DirtiesContextTestExecutionListener@46044faa, org.springframework.test.context.transaction.TransactionalTestExecutionListener@1358b28e, org.springframework.test.context.jdbc.SqlScriptsTestExecutionListener@1a78dacd, org.springframework.test.context.event.EventPublishingTestExecutionListener@19f9d595, org.springframework.boot.test.mock.mockito.ResetMocksTestExecutionListener@7de4a01f, org.springframework.boot.test.autoconfigure.restdocs.RestDocsTestExecutionListener@2bfeb1ef, org.springframework.boot.test.autoconfigure.web.client.MockRestServiceServerResetTestExecutionListener@778ca8ef, org.springframework.boot.test.autoconfigure.web.servlet.MockMvcPrintOnlyOnFailureTestExecutionListener@208e9ef6, org.springframework.boot.test.autoconfigure.web.servlet.WebDriverTestExecutionListener@78b236a0, org.springframework.boot.test.autoconfigure.webservices.client.MockWebServiceServerTestExecutionListener@261d8190]
09-Jul-2022 16:15:18 INFO - HV000001: Hibernate Validator 6.2.3.Final
09-Jul-2022 16:15:20 INFO - Bootstrapping Spring Data JPA repositories in DEFAULT mode.
09-Jul-2022 16:15:21 INFO - Finished Spring Data repository scanning in 179 ms. Found 5 JPA repository interfaces.
09-Jul-2022 16:15:25 INFO - HHH000204: Processing PersistenceUnitInfo [name: default]
09-Jul-2022 16:15:25 INFO - HHH000412: Hibernate ORM core version 5.6.9.Final
09-Jul-2022 16:15:25 INFO - HCANN000001: Hibernate Commons Annotations {5.1.2.Final}
09-Jul-2022 16:15:27 INFO - HHH000400: Using dialect: org.hibernate.dialect.PostgreSQL10Dialect
09-Jul-2022 16:15:30 INFO - HHH000490: Using JtaPlatform implementation: [org.hibernate.engine.transaction.jta.platform.internal.NoJtaPlatform]
09-Jul-2022 16:15:30 INFO - Initialized JPA EntityManagerFactory for persistence unit 'default'
09-Jul-2022 16:15:33 WARN - spring.jpa.open-in-view is enabled by default. Therefore, database queries may be performed during view rendering. Explicitly configure spring.jpa.open-in-view to disable this warning
09-Jul-2022 16:15:38 INFO - Closing JPA EntityManagerFactory for persistence unit 'default'
09-Jul-2022 16:16:34 INFO - Neither @ContextConfiguration nor @ContextHierarchy found for test class [com.mts.serviceTest.ApplicantServiceTest], using SpringBootContextLoader
09-Jul-2022 16:16:34 INFO - Could not detect default resource locations for test class [com.mts.serviceTest.ApplicantServiceTest]: no resource found for suffixes {-context.xml, Context.groovy}.
09-Jul-2022 16:16:34 INFO - Could not detect default configuration classes for test class [com.mts.serviceTest.ApplicantServiceTest]: ApplicantServiceTest does not declare any static, non-private, non-final, nested classes annotated with @Configuration.
09-Jul-2022 16:16:34 INFO - Found @SpringBootConfiguration com.mts.UniversityCourseAdmissionApplication for test class com.mts.serviceTest.ApplicantServiceTest
09-Jul-2022 16:16:35 INFO - Loaded default TestExecutionListener class names from location [META-INF/spring.factories]: [org.springframework.boot.test.mock.mockito.MockitoTestExecutionListener, org.springframework.boot.test.mock.mockito.ResetMocksTestExecutionListener, org.springframework.boot.test.autoconfigure.restdocs.RestDocsTestExecutionListener, org.springframework.boot.test.autoconfigure.web.client.MockRestServiceServerResetTestExecutionListener, org.springframework.boot.test.autoconfigure.web.servlet.MockMvcPrintOnlyOnFailureTestExecutionListener, org.springframework.boot.test.autoconfigure.web.servlet.WebDriverTestExecutionListener, org.springframework.boot.test.autoconfigure.webservices.client.MockWebServiceServerTestExecutionListener, org.springframework.test.context.web.ServletTestExecutionListener, org.springframework.test.context.support.DirtiesContextBeforeModesTestExecutionListener, org.springframework.test.context.event.ApplicationEventsTestExecutionListener, org.springframework.test.context.support.DependencyInjectionTestExecutionListener, org.springframework.test.context.support.DirtiesContextTestExecutionListener, org.springframework.test.context.transaction.TransactionalTestExecutionListener, org.springframework.test.context.jdbc.SqlScriptsTestExecutionListener, org.springframework.test.context.event.EventPublishingTestExecutionListener]
09-Jul-2022 16:16:35 INFO - Using TestExecutionListeners: [org.springframework.test.context.web.ServletTestExecutionListener@3e6fd0b9, org.springframework.test.context.support.DirtiesContextBeforeModesTestExecutionListener@7fcff1b9, org.springframework.test.context.event.ApplicationEventsTestExecutionListener@697446d4, org.springframework.boot.test.mock.mockito.MockitoTestExecutionListener@76adb233, org.springframework.boot.test.autoconfigure.SpringBootDependencyInjectionTestExecutionListener@36074e47, org.springframework.test.context.support.DirtiesContextTestExecutionListener@36453307, org.springframework.test.context.transaction.TransactionalTestExecutionListener@7dcc91fd, org.springframework.test.context.jdbc.SqlScriptsTestExecutionListener@66eb985d, org.springframework.test.context.event.EventPublishingTestExecutionListener@6a9287b1, org.springframework.boot.test.mock.mockito.ResetMocksTestExecutionListener@75504cef, org.springframework.boot.test.autoconfigure.restdocs.RestDocsTestExecutionListener@6c8a68c1, org.springframework.boot.test.autoconfigure.web.client.MockRestServiceServerResetTestExecutionListener@56193c7d, org.springframework.boot.test.autoconfigure.web.servlet.MockMvcPrintOnlyOnFailureTestExecutionListener@28c88600, org.springframework.boot.test.autoconfigure.web.servlet.WebDriverTestExecutionListener@5f8890c2, org.springframework.boot.test.autoconfigure.webservices.client.MockWebServiceServerTestExecutionListener@607b2792]
09-Jul-2022 16:16:36 INFO - HV000001: Hibernate Validator 6.2.3.Final
09-Jul-2022 16:16:39 INFO - Bootstrapping Spring Data JPA repositories in DEFAULT mode.
09-Jul-2022 16:16:40 INFO - Finished Spring Data repository scanning in 307 ms. Found 5 JPA repository interfaces.
09-Jul-2022 16:16:45 INFO - HHH000204: Processing PersistenceUnitInfo [name: default]
09-Jul-2022 16:16:45 INFO - HHH000412: Hibernate ORM core version 5.6.9.Final
09-Jul-2022 16:16:45 INFO - HCANN000001: Hibernate Commons Annotations {5.1.2.Final}
09-Jul-2022 16:16:47 INFO - HHH000400: Using dialect: org.hibernate.dialect.PostgreSQL10Dialect
09-Jul-2022 16:16:50 INFO - HHH000490: Using JtaPlatform implementation: [org.hibernate.engine.transaction.jta.platform.internal.NoJtaPlatform]
09-Jul-2022 16:16:50 INFO - Initialized JPA EntityManagerFactory for persistence unit 'default'
09-Jul-2022 16:16:54 WARN - spring.jpa.open-in-view is enabled by default. Therefore, database queries may be performed during view rendering. Explicitly configure spring.jpa.open-in-view to disable this warning
09-Jul-2022 16:16:58 INFO - Closing JPA EntityManagerFactory for persistence unit 'default'
09-Jul-2022 16:19:05 INFO - Neither @ContextConfiguration nor @ContextHierarchy found for test class [com.mts.serviceTest.LoginServiceTest], using SpringBootContextLoader
09-Jul-2022 16:19:05 INFO - Could not detect default resource locations for test class [com.mts.serviceTest.LoginServiceTest]: no resource found for suffixes {-context.xml, Context.groovy}.
09-Jul-2022 16:19:05 INFO - Could not detect default configuration classes for test class [com.mts.serviceTest.LoginServiceTest]: LoginServiceTest does not declare any static, non-private, non-final, nested classes annotated with @Configuration.
09-Jul-2022 16:19:05 INFO - Found @SpringBootConfiguration com.mts.UniversityCourseAdmissionApplication for test class com.mts.serviceTest.LoginServiceTest
09-Jul-2022 16:19:05 INFO - Loaded default TestExecutionListener class names from location [META-INF/spring.factories]: [org.springframework.boot.test.mock.mockito.MockitoTestExecutionListener, org.springframework.boot.test.mock.mockito.ResetMocksTestExecutionListener, org.springframework.boot.test.autoconfigure.restdocs.RestDocsTestExecutionListener, org.springframework.boot.test.autoconfigure.web.client.MockRestServiceServerResetTestExecutionListener, org.springframework.boot.test.autoconfigure.web.servlet.MockMvcPrintOnlyOnFailureTestExecutionListener, org.springframework.boot.test.autoconfigure.web.servlet.WebDriverTestExecutionListener, org.springframework.boot.test.autoconfigure.webservices.client.MockWebServiceServerTestExecutionListener, org.springframework.test.context.web.ServletTestExecutionListener, org.springframework.test.context.support.DirtiesContextBeforeModesTestExecutionListener, org.springframework.test.context.event.ApplicationEventsTestExecutionListener, org.springframework.test.context.support.DependencyInjectionTestExecutionListener, org.springframework.test.context.support.DirtiesContextTestExecutionListener, org.springframework.test.context.transaction.TransactionalTestExecutionListener, org.springframework.test.context.jdbc.SqlScriptsTestExecutionListener, org.springframework.test.context.event.EventPublishingTestExecutionListener]
09-Jul-2022 16:19:05 INFO - Using TestExecutionListeners: [org.springframework.test.context.web.ServletTestExecutionListener@1ce93c18, org.springframework.test.context.support.DirtiesContextBeforeModesTestExecutionListener@19f21b6b, org.springframework.test.context.event.ApplicationEventsTestExecutionListener@1532c619, org.springframework.boot.test.mock.mockito.MockitoTestExecutionListener@46044faa, org.springframework.boot.test.autoconfigure.SpringBootDependencyInjectionTestExecutionListener@1358b28e, org.springframework.test.context.support.DirtiesContextTestExecutionListener@1a78dacd, org.springframework.test.context.transaction.TransactionalTestExecutionListener@19f9d595, org.springframework.test.context.jdbc.SqlScriptsTestExecutionListener@7de4a01f, org.springframework.test.context.event.EventPublishingTestExecutionListener@2bfeb1ef, org.springframework.boot.test.mock.mockito.ResetMocksTestExecutionListener@778ca8ef, org.springframework.boot.test.autoconfigure.restdocs.RestDocsTestExecutionListener@208e9ef6, org.springframework.boot.test.autoconfigure.web.client.MockRestServiceServerResetTestExecutionListener@78b236a0, org.springframework.boot.test.autoconfigure.web.servlet.MockMvcPrintOnlyOnFailureTestExecutionListener@261d8190, org.springframework.boot.test.autoconfigure.web.servlet.WebDriverTestExecutionListener@34448e6c, org.springframework.boot.test.autoconfigure.webservices.client.MockWebServiceServerTestExecutionListener@60e9df3c]
09-Jul-2022 16:19:06 INFO - HV000001: Hibernate Validator 6.2.3.Final
09-Jul-2022 16:19:10 INFO - Bootstrapping Spring Data JPA repositories in DEFAULT mode.
09-Jul-2022 16:19:11 INFO - Finished Spring Data repository scanning in 278 ms. Found 5 JPA repository interfaces.
09-Jul-2022 16:19:18 INFO - HHH000204: Processing PersistenceUnitInfo [name: default]
09-Jul-2022 16:19:18 INFO - HHH000412: Hibernate ORM core version 5.6.9.Final
09-Jul-2022 16:19:18 INFO - HCANN000001: Hibernate Commons Annotations {5.1.2.Final}
09-Jul-2022 16:19:21 INFO - HHH000400: Using dialect: org.hibernate.dialect.PostgreSQL10Dialect
09-Jul-2022 16:19:23 INFO - HHH000490: Using JtaPlatform implementation: [org.hibernate.engine.transaction.jta.platform.internal.NoJtaPlatform]
09-Jul-2022 16:19:23 INFO - Initialized JPA EntityManagerFactory for persistence unit 'default'
09-Jul-2022 16:19:28 WARN - spring.jpa.open-in-view is enabled by default. Therefore, database queries may be performed during view rendering. Explicitly configure spring.jpa.open-in-view to disable this warning
09-Jul-2022 16:19:35 INFO - Closing JPA EntityManagerFactory for persistence unit 'default'
09-Jul-2022 16:22:13 INFO - Neither @ContextConfiguration nor @ContextHierarchy found for test class [com.mts.serviceTest.ApplicantServiceTest], using SpringBootContextLoader
09-Jul-2022 16:22:13 INFO - Could not detect default resource locations for test class [com.mts.serviceTest.ApplicantServiceTest]: no resource found for suffixes {-context.xml, Context.groovy}.
09-Jul-2022 16:22:13 INFO - Could not detect default configuration classes for test class [com.mts.serviceTest.ApplicantServiceTest]: ApplicantServiceTest does not declare any static, non-private, non-final, nested classes annotated with @Configuration.
09-Jul-2022 16:22:14 INFO - Found @SpringBootConfiguration com.mts.UniversityCourseAdmissionApplication for test class com.mts.serviceTest.ApplicantServiceTest
09-Jul-2022 16:22:14 INFO - Loaded default TestExecutionListener class names from location [META-INF/spring.factories]: [org.springframework.boot.test.mock.mockito.MockitoTestExecutionListener, org.springframework.boot.test.mock.mockito.ResetMocksTestExecutionListener, org.springframework.boot.test.autoconfigure.restdocs.RestDocsTestExecutionListener, org.springframework.boot.test.autoconfigure.web.client.MockRestServiceServerResetTestExecutionListener, org.springframework.boot.test.autoconfigure.web.servlet.MockMvcPrintOnlyOnFailureTestExecutionListener, org.springframework.boot.test.autoconfigure.web.servlet.WebDriverTestExecutionListener, org.springframework.boot.test.autoconfigure.webservices.client.MockWebServiceServerTestExecutionListener, org.springframework.test.context.web.ServletTestExecutionListener, org.springframework.test.context.support.DirtiesContextBeforeModesTestExecutionListener, org.springframework.test.context.event.ApplicationEventsTestExecutionListener, org.springframework.test.context.support.DependencyInjectionTestExecutionListener, org.springframework.test.context.support.DirtiesContextTestExecutionListener, org.springframework.test.context.transaction.TransactionalTestExecutionListener, org.springframework.test.context.jdbc.SqlScriptsTestExecutionListener, org.springframework.test.context.event.EventPublishingTestExecutionListener]
09-Jul-2022 16:22:14 INFO - Using TestExecutionListeners: [org.springframework.test.context.web.ServletTestExecutionListener@5e63cad, org.springframework.test.context.support.DirtiesContextBeforeModesTestExecutionListener@6759f091, org.springframework.test.context.event.ApplicationEventsTestExecutionListener@33a053d, org.springframework.boot.test.mock.mockito.MockitoTestExecutionListener@14a54ef6, org.springframework.boot.test.autoconfigure.SpringBootDependencyInjectionTestExecutionListener@20921b9b, org.springframework.test.context.support.DirtiesContextTestExecutionListener@867ba60, org.springframework.test.context.transaction.TransactionalTestExecutionListener@5ba745bc, org.springframework.test.context.jdbc.SqlScriptsTestExecutionListener@654b72c0, org.springframework.test.context.event.EventPublishingTestExecutionListener@55b5e331, org.springframework.boot.test.mock.mockito.ResetMocksTestExecutionListener@6034e75d, org.springframework.boot.test.autoconfigure.restdocs.RestDocsTestExecutionListener@15fc442, org.springframework.boot.test.autoconfigure.web.client.MockRestServiceServerResetTestExecutionListener@3f3c7bdb, org.springframework.boot.test.autoconfigure.web.servlet.MockMvcPrintOnlyOnFailureTestExecutionListener@456abb66, org.springframework.boot.test.autoconfigure.web.servlet.WebDriverTestExecutionListener@2a3a299, org.springframework.boot.test.autoconfigure.webservices.client.MockWebServiceServerTestExecutionListener@7da10b5b]
09-Jul-2022 16:22:15 INFO - HV000001: Hibernate Validator 6.2.3.Final
09-Jul-2022 16:22:21 INFO - Bootstrapping Spring Data JPA repositories in DEFAULT mode.
09-Jul-2022 16:22:22 INFO - Finished Spring Data repository scanning in 558 ms. Found 5 JPA repository interfaces.
09-Jul-2022 16:22:33 INFO - HHH000204: Processing PersistenceUnitInfo [name: default]
09-Jul-2022 16:22:33 INFO - HHH000412: Hibernate ORM core version 5.6.9.Final
09-Jul-2022 16:22:34 INFO - HCANN000001: Hibernate Commons Annotations {5.1.2.Final}
09-Jul-2022 16:22:45 INFO - HHH000400: Using dialect: org.hibernate.dialect.PostgreSQL10Dialect
09-Jul-2022 16:22:54 INFO - HHH000490: Using JtaPlatform implementation: [org.hibernate.engine.transaction.jta.platform.internal.NoJtaPlatform]
09-Jul-2022 16:22:54 INFO - Initialized JPA EntityManagerFactory for persistence unit 'default'
09-Jul-2022 16:23:02 WARN - spring.jpa.open-in-view is enabled by default. Therefore, database queries may be performed during view rendering. Explicitly configure spring.jpa.open-in-view to disable this warning
09-Jul-2022 16:23:12 INFO - Closing JPA EntityManagerFactory for persistence unit 'default'
09-Jul-2022 16:25:25 INFO - Neither @ContextConfiguration nor @ContextHierarchy found for test class [com.mts.serviceTest.ApplicantServiceTest], using SpringBootContextLoader
09-Jul-2022 16:25:25 INFO - Could not detect default resource locations for test class [com.mts.serviceTest.ApplicantServiceTest]: no resource found for suffixes {-context.xml, Context.groovy}.
09-Jul-2022 16:25:25 INFO - Could not detect default configuration classes for test class [com.mts.serviceTest.ApplicantServiceTest]: ApplicantServiceTest does not declare any static, non-private, non-final, nested classes annotated with @Configuration.
09-Jul-2022 16:25:25 INFO - Found @SpringBootConfiguration com.mts.UniversityCourseAdmissionApplication for test class com.mts.serviceTest.ApplicantServiceTest
09-Jul-2022 16:25:26 INFO - Loaded default TestExecutionListener class names from location [META-INF/spring.factories]: [org.springframework.boot.test.mock.mockito.MockitoTestExecutionListener, org.springframework.boot.test.mock.mockito.ResetMocksTestExecutionListener, org.springframework.boot.test.autoconfigure.restdocs.RestDocsTestExecutionListener, org.springframework.boot.test.autoconfigure.web.client.MockRestServiceServerResetTestExecutionListener, org.springframework.boot.test.autoconfigure.web.servlet.MockMvcPrintOnlyOnFailureTestExecutionListener, org.springframework.boot.test.autoconfigure.web.servlet.WebDriverTestExecutionListener, org.springframework.boot.test.autoconfigure.webservices.client.MockWebServiceServerTestExecutionListener, org.springframework.test.context.web.ServletTestExecutionListener, org.springframework.test.context.support.DirtiesContextBeforeModesTestExecutionListener, org.springframework.test.context.event.ApplicationEventsTestExecutionListener, org.springframework.test.context.support.DependencyInjectionTestExecutionListener, org.springframework.test.context.support.DirtiesContextTestExecutionListener, org.springframework.test.context.transaction.TransactionalTestExecutionListener, org.springframework.test.context.jdbc.SqlScriptsTestExecutionListener, org.springframework.test.context.event.EventPublishingTestExecutionListener]
09-Jul-2022 16:25:26 INFO - Using TestExecutionListeners: [org.springframework.test.context.web.ServletTestExecutionListener@5bdaf2ce, org.springframework.test.context.support.DirtiesContextBeforeModesTestExecutionListener@42d236fb, org.springframework.test.context.event.ApplicationEventsTestExecutionListener@1ce93c18, org.springframework.boot.test.mock.mockito.MockitoTestExecutionListener@19f21b6b, org.springframework.boot.test.autoconfigure.SpringBootDependencyInjectionTestExecutionListener@1532c619, org.springframework.test.context.support.DirtiesContextTestExecutionListener@46044faa, org.springframework.test.context.transaction.TransactionalTestExecutionListener@1358b28e, org.springframework.test.context.jdbc.SqlScriptsTestExecutionListener@1a78dacd, org.springframework.test.context.event.EventPublishingTestExecutionListener@19f9d595, org.springframework.boot.test.mock.mockito.ResetMocksTestExecutionListener@7de4a01f, org.springframework.boot.test.autoconfigure.restdocs.RestDocsTestExecutionListener@2bfeb1ef, org.springframework.boot.test.autoconfigure.web.client.MockRestServiceServerResetTestExecutionListener@778ca8ef, org.springframework.boot.test.autoconfigure.web.servlet.MockMvcPrintOnlyOnFailureTestExecutionListener@208e9ef6, org.springframework.boot.test.autoconfigure.web.servlet.WebDriverTestExecutionListener@78b236a0, org.springframework.boot.test.autoconfigure.webservices.client.MockWebServiceServerTestExecutionListener@261d8190]
09-Jul-2022 16:25:26 INFO - HV000001: Hibernate Validator 6.2.3.Final
09-Jul-2022 16:25:29 INFO - Bootstrapping Spring Data JPA repositories in DEFAULT mode.
09-Jul-2022 16:25:29 INFO - Finished Spring Data repository scanning in 170 ms. Found 5 JPA repository interfaces.
09-Jul-2022 16:25:32 INFO - HHH000204: Processing PersistenceUnitInfo [name: default]
09-Jul-2022 16:25:32 INFO - HHH000412: Hibernate ORM core version 5.6.9.Final
09-Jul-2022 16:25:32 INFO - HCANN000001: Hibernate Commons Annotations {5.1.2.Final}
09-Jul-2022 16:25:34 INFO - HHH000400: Using dialect: org.hibernate.dialect.PostgreSQL10Dialect
09-Jul-2022 16:25:37 INFO - HHH000490: Using JtaPlatform implementation: [org.hibernate.engine.transaction.jta.platform.internal.NoJtaPlatform]
09-Jul-2022 16:25:37 INFO - Initialized JPA EntityManagerFactory for persistence unit 'default'
09-Jul-2022 16:25:39 WARN - spring.jpa.open-in-view is enabled by default. Therefore, database queries may be performed during view rendering. Explicitly configure spring.jpa.open-in-view to disable this warning
09-Jul-2022 16:25:50 INFO - Closing JPA EntityManagerFactory for persistence unit 'default'
